<?xml version="1.0" encoding="utf-8"?>
<TestRun id="dbf9d343-184b-4248-9d17-c6f040d6847d" name="riaan.strydom@PC106 2026-07-15 13:40:45" runUser="MASZEN\riaan.strydom" xmlns="http://microsoft.com/schemas/VisualStudio/TeamTest/2010">
  <Times creation="2026-07-15T13:40:45.3225145+12:00" queuing="2026-07-15T13:40:45.3225146+12:00" start="2026-07-15T13:33:15.0838299+12:00" finish="2026-07-15T13:40:45.3229071+12:00" />
  <TestSettings name="default" id="9428c91e-e259-4b05-9c20-21bc84eabeb5">
    <Deployment runDeploymentRoot="riaan.strydom_PC106_2026-07-15_13_40_45" />
  </TestSettings>
  <TestLists>
    <TestList name="Results Not in a List" id="8c84fa94-04c1-424b-9868-57a2d4851a1d" />
    <TestList name="All Loaded Results" id="19431567-8539-422a-85d7-44ee4e166bda" />
  </TestLists>
  <ResultSummary outcome="Failed">
    <Counters total="0" executed="0" passed="0" failed="0" error="0" timeout="0" aborted="0" inconclusive="0" passedButRunAborted="0" notRunnable="0" notExecuted="0" disconnected="0" warning="0" completed="0" inProgress="0" pending="0" />
    <Output>
      <StdOut>Waiting for debugger attach...&#xD;
Process Id: 24860, Name: testhost&#xD;
</StdOut>
    </Output>
    <RunInfos>
      <RunInfo computerName="PC106" outcome="Error" timestamp="2026-07-15T13:40:45.1783577+12:00">
        <Text>vstest.console process failed to connect to testhost process after 450 seconds. This may occur due to machine slowness, please set environment variable VSTEST_CONNECTION_TIMEOUT to increase timeout.</Text>
      </RunInfo>
    </RunInfos>
  </ResultSummary>
</TestRun>