<?xml version="1.0" encoding="utf-8"?>
<TestRun id="b75c5915-d9ff-4c7a-bb9d-09ed20d4f4d8" name="riaan.strydom@PC106 2026-07-15 13:39:38" runUser="MASZEN\riaan.strydom" xmlns="http://microsoft.com/schemas/VisualStudio/TeamTest/2010">
  <Times creation="2026-07-15T13:39:38.4213483+12:00" queuing="2026-07-15T13:39:38.4213485+12:00" start="2026-07-15T13:32:08.2034711+12:00" finish="2026-07-15T13:39:38.4217352+12:00" />
  <TestSettings name="default" id="9b4e0ab9-454a-414c-bd24-f654cca34109">
    <Deployment runDeploymentRoot="riaan.strydom_PC106_2026-07-15_13_39_38" />
  </TestSettings>
  <TestLists>
    <TestList name="Results Not in a List" id="8c84fa94-04c1-424b-9868-57a2d4851a1d" />
    <TestList name="All Loaded Results" id="19431567-8539-422a-85d7-44ee4e166bda" />
  </TestLists>
  <ResultSummary outcome="Failed">
    <Counters total="0" executed="0" passed="0" failed="0" error="0" timeout="0" aborted="0" inconclusive="0" passedButRunAborted="0" notRunnable="0" notExecuted="0" disconnected="0" warning="0" completed="0" inProgress="0" pending="0" />
    <Output>
      <StdOut>Waiting for debugger attach...&#xD;
Process Id: 14384, Name: testhost&#xD;
</StdOut>
    </Output>
    <RunInfos>
      <RunInfo computerName="PC106" outcome="Error" timestamp="2026-07-15T13:39:38.2868795+12:00">
        <Text>vstest.console process failed to connect to testhost process after 450 seconds. This may occur due to machine slowness, please set environment variable VSTEST_CONNECTION_TIMEOUT to increase timeout.</Text>
      </RunInfo>
    </RunInfos>
  </ResultSummary>
</TestRun>